<?xml version="1.0" encoding="UTF-8"?>
<!-- Generated by org.testng.reporters.JUnitXMLReporter -->
<testsuite hostname="LAPTOP-FIOA4GSJ" ignored="1" name="Test" tests="4" failures="0" timestamp="27 May 2019 20:42:16 GMT" time="0.095" errors="0">
  <testcase name="carprice" time="0.02" classname="qaclickacademy.CarTest"/>
  <testcase name="bikemodel" time="0.003" classname="qaclickacademy.BikeTest"/>
  <testcase name="bikeprice" time="0.002" classname="qaclickacademy.BikeTest"/>
  <testcase name="bikecc" time="0.002" classname="qaclickacademy.BikeTest"/>
  <testcase name="carmodel" time="0.0" classname="qaclickacademy.CarTest">
    <ignored/>
  </testcase> <!-- carmodel -->
</testsuite> <!-- Test -->
