<?xml version="1.0" encoding="UTF-8"?>
<!-- Generated by org.testng.reporters.JUnitXMLReporter -->
<testsuite hostname="LAPTOP-FIOA4GSJ" ignored="0" name="Command line test" tests="5" failures="0" timestamp="17 May 2019 21:03:46 GMT" time="0.062" errors="0">
  <testcase name="bikemodel" time="0.008" classname="qaclickacademy.BikeTest"/>
  <testcase name="bikeprice" time="0.0" classname="qaclickacademy.BikeTest"/>
  <testcase name="bikecc" time="0.0" classname="qaclickacademy.BikeTest"/>
  <testcase name="carmodel" time="0.0" classname="qaclickacademy.CarTest"/>
  <testcase name="carprice" time="0.0" classname="qaclickacademy.CarTest"/>
</testsuite> <!-- Command line test -->
