<?xml version="1.0" encoding="UTF-8"?>
<testng-results skipped="0" failed="0" ignored="0" total="5" passed="5">
  <reporter-output>
  </reporter-output>
  <suite name="Command line suite" duration-ms="62" started-at="2019-05-17T21:03:46Z" finished-at="2019-05-17T21:03:46Z">
    <groups>
    </groups>
    <test name="Command line test" duration-ms="62" started-at="2019-05-17T21:03:46Z" finished-at="2019-05-17T21:03:46Z">
      <class name="qaclickacademy.CarTest">
        <test-method status="PASS" signature="carmodel()[pri:0, instance:qaclickacademy.CarTest@5b464ce8]" name="carmodel" duration-ms="0" started-at="2019-05-17T21:03:46Z" finished-at="2019-05-17T21:03:46Z">
          <reporter-output>
          </reporter-output>
        </test-method> <!-- carmodel -->
        <test-method status="PASS" signature="carprice()[pri:0, instance:qaclickacademy.CarTest@5b464ce8]" name="carprice" duration-ms="0" started-at="2019-05-17T21:03:46Z" finished-at="2019-05-17T21:03:46Z">
          <reporter-output>
          </reporter-output>
        </test-method> <!-- carprice -->
      </class> <!-- qaclickacademy.CarTest -->
      <class name="qaclickacademy.BikeTest">
        <test-method status="PASS" signature="bikemodel()[pri:0, instance:qaclickacademy.BikeTest@30c7da1e]" name="bikemodel" duration-ms="8" started-at="2019-05-17T21:03:46Z" finished-at="2019-05-17T21:03:46Z">
          <reporter-output>
          </reporter-output>
        </test-method> <!-- bikemodel -->
        <test-method status="PASS" signature="bikeprice()[pri:0, instance:qaclickacademy.BikeTest@30c7da1e]" name="bikeprice" duration-ms="0" started-at="2019-05-17T21:03:46Z" finished-at="2019-05-17T21:03:46Z">
          <reporter-output>
          </reporter-output>
        </test-method> <!-- bikeprice -->
        <test-method status="PASS" signature="bikecc()[pri:0, instance:qaclickacademy.BikeTest@30c7da1e]" name="bikecc" duration-ms="0" started-at="2019-05-17T21:03:46Z" depends-on-methods="qaclickacademy.BikeTest.bikemodel" finished-at="2019-05-17T21:03:46Z">
          <reporter-output>
          </reporter-output>
        </test-method> <!-- bikecc -->
      </class> <!-- qaclickacademy.BikeTest -->
    </test> <!-- Command line test -->
  </suite> <!-- Command line suite -->
</testng-results>
